{"name": "test_validating_property", "status": "failed", "statusDetails": {"message": "AssertionError: Locator expected to have CSS '32px'\nActual value: 49px \nCall log:\n  - Expect \"to_have_css\" with timeout 5000ms\n  - waiting for get_by_text(\"Login\")\n    9 × locator resolved to <input type=\"submit\" value=\"Login\" id=\"login-button\" name=\"login-button\" data-test=\"login-button\" class=\"submit-button btn_action\"/>\n      - unexpected value \"49px\"", "trace": "page = <Page url='https://www.saucedemo.com/'>\n\n    def test_validating_property(page: Page):\n        page.goto(\"https://www.saucedemo.com/\")\n    \n        login_btn = page.get_by_text(\"Login\")\n    \n        #expect(login_btn).to_have_css(\"background-color\", \"rgb(61, 220, 145\")\n        expect(login_btn).to_have_css(\"font-size\", \"16px\")\n>       expect(login_btn).to_have_css(\"height\", \"32px\")\nE       AssertionError: Locator expected to have CSS '32px'\nE       Actual value: 49px \nE       Call log:\nE         - Expect \"to_have_css\" with timeout 5000ms\nE         - waiting for get_by_text(\"Login\")\nE           9 × locator resolved to <input type=\"submit\" value=\"Login\" id=\"login-button\" name=\"login-button\" data-test=\"login-button\" class=\"submit-button btn_action\"/>\nE             - unexpected value \"49px\"\n\ntests/test_validating_property.py:10: AssertionError"}, "attachments": [{"name": "log", "source": "7f4e6532-f041-464f-9fa3-ceed38d4d3fd-attachment.txt", "type": "text/plain"}], "start": 1762527111215, "stop": 1762527117031, "uuid": "d8cf164e-0358-4730-a937-9ab843a1f81c", "historyId": "a925edcf33a5194d46daaccf5bdc317e", "testCaseId": "a925edcf33a5194d46daaccf5bdc317e", "fullName": "tests.test_validating_property#test_validating_property", "labels": [{"name": "parentSuite", "value": "tests"}, {"name": "suite", "value": "test_validating_property"}, {"name": "host", "value": "ISIPL-PUNV-L406.local"}, {"name": "thread", "value": "26118-MainThread"}, {"name": "framework", "value": "pytest"}, {"name": "language", "value": "cpython3"}, {"name": "package", "value": "tests.test_validating_property"}], "titlePath": ["tests", "test_validating_property.py"]}